[I 2025-06-21 17:35:51.175 ServerApp] jupyter_lsp | extension was successfully linked.
[I 2025-06-21 17:35:51.179 ServerApp] jupyter_server_terminals | extension was successfully linked.
[I 2025-06-21 17:35:51.181 ServerApp] jupyterlab | extension was successfully linked.
[I 2025-06-21 17:35:51.184 ServerApp] notebook | extension was successfully linked.
[I 2025-06-21 17:35:51.433 ServerApp] notebook_shim | extension was successfully linked.
[I 2025-06-21 17:35:51.464 ServerApp] notebook_shim | extension was successfully loaded.
[I 2025-06-21 17:35:51.466 ServerApp] jupyter_lsp | extension was successfully loaded.
[I 2025-06-21 17:35:51.467 ServerApp] jupyter_server_terminals | extension was successfully loaded.
[I 2025-06-21 17:35:51.471 LabApp] JupyterLab extension loaded from /Library/Frameworks/Python.framework/Versions/3.13/lib/python3.13/site-packages/jupyterlab
[I 2025-06-21 17:35:51.471 LabApp] JupyterLab application directory is /Library/Frameworks/Python.framework/Versions/3.13/share/jupyter/lab
[I 2025-06-21 17:35:51.471 LabApp] Extension Manager is 'pypi'.
[I 2025-06-21 17:35:51.525 ServerApp] jupyterlab | extension was successfully loaded.
[I 2025-06-21 17:35:51.529 ServerApp] notebook | extension was successfully loaded.
[I 2025-06-21 17:35:51.530 ServerApp] The port 8888 is already in use, trying another port.
[I 2025-06-21 17:35:51.530 ServerApp] Serving notebooks from local directory: /Users/leonardbus/Downloads/InfoVisualization2025-2
[I 2025-06-21 17:35:51.531 ServerApp] Jupyter Server 2.16.0 is running at:
[I 2025-06-21 17:35:51.531 ServerApp] http://localhost:8889/tree?token=10b23c39f278081f17952047a0562e14513cf67389b5803b
[I 2025-06-21 17:35:51.531 ServerApp]     http://127.0.0.1:8889/tree?token=10b23c39f278081f17952047a0562e14513cf67389b5803b
[I 2025-06-21 17:35:51.531 ServerApp] Use Control-C to stop this server and shut down all kernels (twice to skip confirmation).
[C 2025-06-21 17:35:51.533 ServerApp] 
    
    To access the server, open this file in a browser:
        file:///Users/leonardbus/Library/Jupyter/runtime/jpserver-20336-open.html
    Or copy and paste one of these URLs:
        http://localhost:8889/tree?token=10b23c39f278081f17952047a0562e14513cf67389b5803b
        http://127.0.0.1:8889/tree?token=10b23c39f278081f17952047a0562e14513cf67389b5803b
[I 2025-06-21 17:35:51.981 ServerApp] Skipped non-installed server(s): bash-language-server, dockerfile-language-server-nodejs, javascript-typescript-langserver, jedi-language-server, julia-language-server, pyright, python-language-server, python-lsp-server, r-languageserver, sql-language-server, texlab, typescript-language-server, unified-language-server, vscode-css-languageserver-bin, vscode-html-languageserver-bin, vscode-json-languageserver-bin, yaml-language-server
